{
  "RSpec": {
    "coverage": {
      "/Users/theo/ma/week-2/oystercard2/spec/journey_spec.rb": [
        1,
        null,
        1,
        3,
        null,
        1,
        1,
        1,
        null,
        null,
        1,
        1,
        null,
        null,
        null,
        1,
        3,
        null,
        1,
        1,
        null,
        null,
        1,
        1,
        null,
        null,
        null
      ],
      "/Users/theo/ma/week-2/oystercard2/lib/journey.rb": [
        1,
        1,
        null,
        1,
        4,
        4,
        null,
        null
      ],
      "/Users/theo/ma/week-2/oystercard2/spec/oystercard_spec.rb": [
        1,
        null,
        1,
        null,
        null,
        7,
        1,
        null,
        null,
        6,
        4,
        4,
        null,
        3,
        null,
        1,
        1,
        1,
        1,
        null,
        null,
        null,
        1,
        2,
        null,
        1,
        1,
        null,
        null,
        null,
        1,
        1,
        null,
        null,
        null,
        1,
        3,
        null,
        1,
        1,
        1,
        null,
        null,
        1,
        1,
        1,
        2,
        null,
        null,
        null,
        1,
        1,
        2,
        null,
        1,
        1,
        null,
        null,
        null,
        1,
        2,
        null,
        1,
        1,
        null,
        null,
        null,
        null,
        1,
        null,
        1,
        2,
        null,
        1,
        2,
        null,
        null,
        null,
        1,
        2,
        2,
        null,
        1,
        1,
        null,
        null,
        null,
        1,
        2,
        null,
        1,
        1,
        null,
        null,
        1,
        1,
        null,
        null,
        null,
        1,
        2,
        null,
        1,
        1,
        null,
        null,
        1,
        1,
        null,
        null,
        null,
        null,
        1,
        1,
        1,
        0,
        0,
        0,
        null,
        null,
        null,
        1,
        1,
        0,
        0,
        0,
        null,
        null,
        1,
        1,
        0,
        0,
        0,
        null,
        null,
        null,
        1,
        null,
        1,
        1,
        0,
        0,
        0,
        null,
        null,
        null
      ],
      "/Users/theo/ma/week-2/oystercard2/lib/oystercard.rb": [
        1,
        1,
        1,
        1,
        1,
        null,
        1,
        11,
        11,
        11,
        11,
        11,
        null,
        null,
        1,
        3,
        2,
        null,
        null,
        1,
        4,
        3,
        3,
        null,
        null,
        1,
        0,
        0,
        0,
        0,
        0,
        null,
        null,
        1,
        2,
        null,
        null,
        1,
        null,
        null,
        1,
        null,
        1,
        0,
        0,
        0,
        null,
        null,
        1,
        3,
        null,
        null,
        1,
        0,
        null,
        null,
        1,
        4,
        null,
        null,
        1,
        0,
        null,
        null
      ],
      "/Users/theo/ma/week-2/oystercard2/spec/station_spec.rb": [
        1,
        null,
        1,
        3,
        null,
        1,
        1,
        null,
        null,
        1,
        1,
        null,
        null
      ],
      "/Users/theo/ma/week-2/oystercard2/lib/station.rb": [
        1,
        1,
        null,
        1,
        2,
        2,
        null,
        null
      ]
    },
    "timestamp": 1509621573
  }
}
