{
  "RSpec": {
    "coverage": {
      "/Users/ipbianco/Projects/Makers/Week_2/Day_3/oystercard2/spec/journey_spec.rb": [
        1,
        null,
        1,
        4,
        2,
        2,
        4,
        null,
        1,
        1,
        null,
        null,
        1,
        1,
        null,
        null,
        1,
        1,
        1,
        null,
        null,
        1,
        1,
        null,
        null,
        1,
        1,
        null,
        null,
        null
      ],
      "/Users/ipbianco/Projects/Makers/Week_2/Day_3/oystercard2/lib/journey.rb": [
        1,
        1,
        null,
        1,
        5,
        5,
        null,
        null,
        1,
        3,
        null,
        null
      ],
      "/Users/ipbianco/Projects/Makers/Week_2/Day_3/oystercard2/spec/journeylog_spec.rb": [
        1,
        null,
        1,
        null,
        3,
        3,
        null,
        3,
        null,
        1,
        1,
        1,
        1,
        null,
        1,
        1,
        null,
        null,
        null,
        null,
        null
      ],
      "/Users/ipbianco/Projects/Makers/Week_2/Day_3/oystercard2/lib/journeylog.rb": [
        1,
        null,
        1,
        1,
        1,
        7,
        7,
        7,
        null,
        null
      ],
      "/Users/ipbianco/Projects/Makers/Week_2/Day_3/oystercard2/spec/oystercard_spec.rb": [
        1,
        null,
        1,
        null,
        null,
        9,
        1,
        12,
        null,
        null,
        6,
        5,
        1,
        7,
        null,
        null,
        3,
        null,
        1,
        1,
        1,
        1,
        null,
        null,
        null,
        1,
        2,
        null,
        1,
        1,
        null,
        null,
        null,
        1,
        1,
        null,
        null,
        null,
        1,
        3,
        null,
        1,
        1,
        1,
        null,
        null,
        1,
        1,
        1,
        2,
        null,
        null,
        null,
        1,
        1,
        2,
        null,
        1,
        1,
        null,
        null,
        null,
        1,
        2,
        null,
        1,
        1,
        null,
        null,
        null,
        null,
        1,
        null,
        1,
        2,
        null,
        1,
        2,
        null,
        null,
        null,
        1,
        2,
        2,
        null,
        1,
        0,
        null,
        null,
        null,
        1,
        2,
        null,
        1,
        1,
        null,
        null,
        1,
        0,
        null,
        null,
        null,
        1,
        2,
        null,
        1,
        1,
        null,
        null,
        1,
        0,
        null,
        null,
        null,
        null,
        1,
        1,
        2,
        null,
        1,
        1,
        null,
        null,
        1,
        0,
        null,
        null,
        null,
        1,
        2,
        null,
        1,
        1,
        null,
        null,
        1,
        0,
        null,
        null,
        null,
        1,
        1,
        0,
        null,
        null,
        null,
        1,
        null,
        3,
        null,
        1,
        1,
        0,
        null,
        null,
        1,
        1,
        1,
        null,
        null,
        null,
        null
      ],
      "/Users/ipbianco/Projects/Makers/Week_2/Day_3/oystercard2/lib/oystercard.rb": [
        1,
        1,
        1,
        1,
        1,
        null,
        1,
        9,
        9,
        9,
        null,
        null,
        1,
        3,
        2,
        null,
        null,
        1,
        1,
        0,
        0,
        null,
        null,
        1,
        0,
        0,
        null,
        null,
        1,
        0,
        null,
        null,
        1,
        0,
        0,
        null,
        null,
        1,
        null,
        1,
        2,
        null,
        null,
        1,
        0,
        null,
        null,
        1,
        3,
        null,
        null,
        1,
        1,
        null,
        null
      ],
      "/Users/ipbianco/Projects/Makers/Week_2/Day_3/oystercard2/spec/station_spec.rb": [
        1,
        null,
        1,
        3,
        null,
        1,
        1,
        null,
        null,
        1,
        1,
        null,
        null
      ],
      "/Users/ipbianco/Projects/Makers/Week_2/Day_3/oystercard2/lib/station.rb": [
        1,
        1,
        null,
        1,
        2,
        2,
        null,
        null
      ]
    },
    "timestamp": 1509632113
  }
}
